
> nextjs-shadcn-base@0.1.0 dev
> next dev

  ▲ Next.js 14.2.26
  - Local:        http://localhost:3000

 ✓ Starting...
 ✓ Ready in 1516ms
 ○ Compiling / ...
 ✓ Compiled / in 2.3s (620 modules)
🔧 Debug - API functions: { extractPdfMarkup: 'function', isFunction: true }
 GET / 200 in 2567ms
 ✓ Compiled in 308ms (306 modules)
🔧 Debug - API functions: { extractPdfMarkup: 'function', isFunction: true }
 GET / 200 in 28ms
🔧 Debug - API functions: { extractPdfMarkup: 'function', isFunction: true }
 GET / 200 in 30ms
🔧 Debug - API functions: { extractPdfMarkup: 'function', isFunction: true }
 GET / 200 in 18ms
🔧 Debug - API functions: { extractPdfMarkup: 'function', isFunction: true }
 GET / 200 in 25ms
🔧 Debug - API functions: { extractPdfMarkup: 'function', isFunction: true }
 GET / 200 in 23ms
🔧 Debug - API functions: { extractPdfMarkup: 'function', isFunction: true }
 GET / 200 in 23ms
🔧 Debug - API functions: { extractPdfMarkup: 'function', isFunction: true }
 GET / 200 in 21ms
🔧 Debug - API functions: { extractPdfMarkup: 'function', isFunction: true }
 GET / 200 in 26ms
🔧 Debug - API functions: { extractPdfMarkup: 'function', isFunction: true }
 GET / 200 in 21ms
🔧 Debug - API functions: { extractPdfMarkup: 'function', isFunction: true }
 GET / 200 in 24ms
🔧 Debug - API functions: { extractPdfMarkup: 'function', isFunction: true }
 GET / 200 in 20ms
🔧 Debug - API functions: { extractPdfMarkup: 'function', isFunction: true }
 GET / 200 in 23ms
🔧 Debug - API functions: { extractPdfMarkup: 'function', isFunction: true }
 GET / 200 in 24ms
🔧 Debug - API functions: { extractPdfMarkup: 'function', isFunction: true }
 GET / 200 in 22ms
🔧 Debug - API functions: { extractPdfMarkup: 'function', isFunction: true }
 GET / 200 in 19ms
🔧 Debug - API functions: { extractPdfMarkup: 'function', isFunction: true }
 GET / 200 in 19ms
🔧 Debug - API functions: { extractPdfMarkup: 'function', isFunction: true }
 GET / 200 in 20ms
🔧 Debug - API functions: { extractPdfMarkup: 'function', isFunction: true }
 GET / 200 in 22ms
🔧 Debug - API functions: { extractPdfMarkup: 'function', isFunction: true }
 GET / 200 in 23ms
🔧 Debug - API functions: { extractPdfMarkup: 'function', isFunction: true }
 GET / 200 in 18ms
🔧 Debug - API functions: { extractPdfMarkup: 'function', isFunction: true }
 GET / 200 in 20ms
🔧 Debug - API functions: { extractPdfMarkup: 'function', isFunction: true }
 GET / 200 in 21ms
🔧 Debug - API functions: { extractPdfMarkup: 'function', isFunction: true }
 GET / 200 in 20ms
🔧 Debug - API functions: { extractPdfMarkup: 'function', isFunction: true }
 GET / 200 in 21ms
🔧 Debug - API functions: { extractPdfMarkup: 'function', isFunction: true }
 GET / 200 in 20ms
🔧 Debug - API functions: { extractPdfMarkup: 'function', isFunction: true }
 GET / 200 in 17ms
🔧 Debug - API functions: { extractPdfMarkup: 'function', isFunction: true }
 GET / 200 in 22ms
🔧 Debug - API functions: { extractPdfMarkup: 'function', isFunction: true }
 GET / 200 in 19ms
🔧 Debug - API functions: { extractPdfMarkup: 'function', isFunction: true }
 GET / 200 in 23ms
🔧 Debug - API functions: { extractPdfMarkup: 'function', isFunction: true }
 GET / 200 in 20ms
🔧 Debug - API functions: { extractPdfMarkup: 'function', isFunction: true }
 GET / 200 in 20ms
🔧 Debug - API functions: { extractPdfMarkup: 'function', isFunction: true }
 GET / 200 in 19ms
🔧 Debug - API functions: { extractPdfMarkup: 'function', isFunction: true }
 GET / 200 in 20ms
🔧 Debug - API functions: { extractPdfMarkup: 'function', isFunction: true }
 GET / 200 in 20ms
🔧 Debug - API functions: { extractPdfMarkup: 'function', isFunction: true }
 GET / 200 in 22ms
🔧 Debug - API functions: { extractPdfMarkup: 'function', isFunction: true }
 GET / 200 in 19ms
🔧 Debug - API functions: { extractPdfMarkup: 'function', isFunction: true }
 GET / 200 in 21ms
🔧 Debug - API functions: { extractPdfMarkup: 'function', isFunction: true }
 GET / 200 in 19ms
🔧 Debug - API functions: { extractPdfMarkup: 'function', isFunction: true }
 GET / 200 in 18ms
🔧 Debug - API functions: { extractPdfMarkup: 'function', isFunction: true }
 GET / 200 in 24ms
🔧 Debug - API functions: { extractPdfMarkup: 'function', isFunction: true }
 GET / 200 in 19ms
🔧 Debug - API functions: { extractPdfMarkup: 'function', isFunction: true }
 GET / 200 in 21ms
🔧 Debug - API functions: { extractPdfMarkup: 'function', isFunction: true }
 GET / 200 in 22ms
🔧 Debug - API functions: { extractPdfMarkup: 'function', isFunction: true }
 GET / 200 in 17ms
🔧 Debug - API functions: { extractPdfMarkup: 'function', isFunction: true }
 GET / 200 in 18ms
🔧 Debug - API functions: { extractPdfMarkup: 'function', isFunction: true }
 GET / 200 in 20ms
🔧 Debug - API functions: { extractPdfMarkup: 'function', isFunction: true }
 GET / 200 in 19ms
🔧 Debug - API functions: { extractPdfMarkup: 'function', isFunction: true }
 GET / 200 in 20ms
🔧 Debug - API functions: { extractPdfMarkup: 'function', isFunction: true }
 GET / 200 in 19ms
🔧 Debug - API functions: { extractPdfMarkup: 'function', isFunction: true }
 GET / 200 in 21ms
🔧 Debug - API functions: { extractPdfMarkup: 'function', isFunction: true }
 GET / 200 in 18ms
🔧 Debug - API functions: { extractPdfMarkup: 'function', isFunction: true }
 GET / 200 in 20ms
🔧 Debug - API functions: { extractPdfMarkup: 'function', isFunction: true }
 GET / 200 in 21ms
🔧 Debug - API functions: { extractPdfMarkup: 'function', isFunction: true }
 GET / 200 in 19ms
🔧 Debug - API functions: { extractPdfMarkup: 'function', isFunction: true }
 GET / 200 in 17ms
🔧 Debug - API functions: { extractPdfMarkup: 'function', isFunction: true }
 GET / 200 in 15ms
 ✓ Compiled /favicon.ico in 186ms (345 modules)
 GET /favicon.ico 200 in 228ms
🔧 Debug - API functions: { extractPdfMarkup: 'function', isFunction: true }
 GET / 200 in 93ms
🔧 Debug - API functions: { extractPdfMarkup: 'function', isFunction: true }
 GET / 200 in 24ms
🔧 Debug - API functions: { extractPdfMarkup: 'function', isFunction: true }
 GET / 200 in 21ms
🔧 Debug - API functions: { extractPdfMarkup: 'function', isFunction: true }
 GET / 200 in 20ms
🔧 Debug - API functions: { extractPdfMarkup: 'function', isFunction: true }
 GET / 200 in 25ms
🔧 Debug - API functions: { extractPdfMarkup: 'function', isFunction: true }
 GET / 200 in 18ms
🔧 Debug - API functions: { extractPdfMarkup: 'function', isFunction: true }
 GET / 200 in 22ms
🔧 Debug - API functions: { extractPdfMarkup: 'function', isFunction: true }
 GET / 200 in 22ms
🔧 Debug - API functions: { extractPdfMarkup: 'function', isFunction: true }
 GET / 200 in 22ms
🔧 Debug - API functions: { extractPdfMarkup: 'function', isFunction: true }
 GET / 200 in 22ms
🔧 Debug - API functions: { extractPdfMarkup: 'function', isFunction: true }
 GET / 200 in 21ms
🔧 Debug - API functions: { extractPdfMarkup: 'function', isFunction: true }
 GET / 200 in 21ms
🔧 Debug - API functions: { extractPdfMarkup: 'function', isFunction: true }
 GET / 200 in 23ms
🔧 Debug - API functions: { extractPdfMarkup: 'function', isFunction: true }
 GET / 200 in 19ms
🔧 Debug - API functions: { extractPdfMarkup: 'function', isFunction: true }
 GET / 200 in 18ms
🔧 Debug - API functions: { extractPdfMarkup: 'function', isFunction: true }
 GET / 200 in 18ms
🔧 Debug - API functions: { extractPdfMarkup: 'function', isFunction: true }
 GET / 200 in 17ms
🔧 Debug - API functions: { extractPdfMarkup: 'function', isFunction: true }
 GET / 200 in 19ms
🔧 Debug - API functions: { extractPdfMarkup: 'function', isFunction: true }
 GET / 200 in 17ms
🔧 Debug - API functions: { extractPdfMarkup: 'function', isFunction: true }
 GET / 200 in 21ms
🔧 Debug - API functions: { extractPdfMarkup: 'function', isFunction: true }
 GET / 200 in 20ms
🔧 Debug - API functions: { extractPdfMarkup: 'function', isFunction: true }
 GET / 200 in 22ms
🔧 Debug - API functions: { extractPdfMarkup: 'function', isFunction: true }
 GET / 200 in 20ms
🔧 Debug - API functions: { extractPdfMarkup: 'function', isFunction: true }
 GET / 200 in 19ms
🔧 Debug - API functions: { extractPdfMarkup: 'function', isFunction: true }
 GET / 200 in 20ms
🔧 Debug - API functions: { extractPdfMarkup: 'function', isFunction: true }
 GET / 200 in 20ms
🔧 Debug - API functions: { extractPdfMarkup: 'function', isFunction: true }
 GET / 200 in 16ms
🔧 Debug - API functions: { extractPdfMarkup: 'function', isFunction: true }
 GET / 200 in 17ms
🔧 Debug - API functions: { extractPdfMarkup: 'function', isFunction: true }
 GET / 200 in 19ms
🔧 Debug - API functions: { extractPdfMarkup: 'function', isFunction: true }
 GET / 200 in 16ms
🔧 Debug - API functions: { extractPdfMarkup: 'function', isFunction: true }
 GET / 200 in 21ms
🔧 Debug - API functions: { extractPdfMarkup: 'function', isFunction: true }
 GET / 200 in 21ms
🔧 Debug - API functions: { extractPdfMarkup: 'function', isFunction: true }
 GET / 200 in 20ms
🔧 Debug - API functions: { extractPdfMarkup: 'function', isFunction: true }
 GET / 200 in 17ms
🔧 Debug - API functions: { extractPdfMarkup: 'function', isFunction: true }
 GET / 200 in 21ms
🔧 Debug - API functions: { extractPdfMarkup: 'function', isFunction: true }
 GET / 200 in 17ms
🔧 Debug - API functions: { extractPdfMarkup: 'function', isFunction: true }
 GET / 200 in 20ms
🔧 Debug - API functions: { extractPdfMarkup: 'function', isFunction: true }
 GET / 200 in 17ms
🔧 Debug - API functions: { extractPdfMarkup: 'function', isFunction: true }
 GET / 200 in 16ms
🔧 Debug - API functions: { extractPdfMarkup: 'function', isFunction: true }
 GET / 200 in 19ms
🔧 Debug - API functions: { extractPdfMarkup: 'function', isFunction: true }
 GET / 200 in 19ms
🔧 Debug - API functions: { extractPdfMarkup: 'function', isFunction: true }
 GET / 200 in 16ms
🔧 Debug - API functions: { extractPdfMarkup: 'function', isFunction: true }
 GET / 200 in 18ms
🔧 Debug - API functions: { extractPdfMarkup: 'function', isFunction: true }
 GET / 200 in 19ms
🔧 Debug - API functions: { extractPdfMarkup: 'function', isFunction: true }
 GET / 200 in 17ms
🔧 Debug - API functions: { extractPdfMarkup: 'function', isFunction: true }
 GET / 200 in 18ms
🔧 Debug - API functions: { extractPdfMarkup: 'function', isFunction: true }
 GET / 200 in 17ms
🔧 Debug - API functions: { extractPdfMarkup: 'function', isFunction: true }
 GET / 200 in 15ms
🔧 Debug - API functions: { extractPdfMarkup: 'function', isFunction: true }
 GET / 200 in 18ms
🔧 Debug - API functions: { extractPdfMarkup: 'function', isFunction: true }
 GET / 200 in 16ms
🔧 Debug - API functions: { extractPdfMarkup: 'function', isFunction: true }
 GET / 200 in 17ms
🔧 Debug - API functions: { extractPdfMarkup: 'function', isFunction: true }
 GET / 200 in 19ms
🔧 Debug - API functions: { extractPdfMarkup: 'function', isFunction: true }
 GET / 200 in 20ms
🔧 Debug - API functions: { extractPdfMarkup: 'function', isFunction: true }
 GET / 200 in 18ms
🔧 Debug - API functions: { extractPdfMarkup: 'function', isFunction: true }
 GET / 200 in 23ms
🔧 Debug - API functions: { extractPdfMarkup: 'function', isFunction: true }
 GET / 200 in 18ms
🔧 Debug - API functions: { extractPdfMarkup: 'function', isFunction: true }
 GET / 200 in 17ms
🔧 Debug - API functions: { extractPdfMarkup: 'function', isFunction: true }
 GET / 200 in 19ms
🔧 Debug - API functions: { extractPdfMarkup: 'function', isFunction: true }
 GET / 200 in 18ms
🔧 Debug - API functions: { extractPdfMarkup: 'function', isFunction: true }
 GET / 200 in 14ms
🔧 Debug - API functions: { extractPdfMarkup: 'function', isFunction: true }
 GET / 200 in 16ms
🔧 Debug - API functions: { extractPdfMarkup: 'function', isFunction: true }
 GET / 200 in 19ms
🔧 Debug - API functions: { extractPdfMarkup: 'function', isFunction: true }
 GET / 200 in 17ms
🔧 Debug - API functions: { extractPdfMarkup: 'function', isFunction: true }
 GET / 200 in 14ms
🔧 Debug - API functions: { extractPdfMarkup: 'function', isFunction: true }
 GET / 200 in 17ms
🔧 Debug - API functions: { extractPdfMarkup: 'function', isFunction: true }
 GET / 200 in 17ms
🔧 Debug - API functions: { extractPdfMarkup: 'function', isFunction: true }
 GET / 200 in 17ms
🔧 Debug - API functions: { extractPdfMarkup: 'function', isFunction: true }
 GET / 200 in 18ms
🔧 Debug - API functions: { extractPdfMarkup: 'function', isFunction: true }
 GET / 200 in 20ms
🔧 Debug - API functions: { extractPdfMarkup: 'function', isFunction: true }
 GET / 200 in 17ms
🔧 Debug - API functions: { extractPdfMarkup: 'function', isFunction: true }
 GET / 200 in 16ms
🔧 Debug - API functions: { extractPdfMarkup: 'function', isFunction: true }
 GET / 200 in 18ms
🔧 Debug - API functions: { extractPdfMarkup: 'function', isFunction: true }
 GET / 200 in 17ms
🔧 Debug - API functions: { extractPdfMarkup: 'function', isFunction: true }
 GET / 200 in 19ms
🔧 Debug - API functions: { extractPdfMarkup: 'function', isFunction: true }
 GET / 200 in 21ms
🔧 Debug - API functions: { extractPdfMarkup: 'function', isFunction: true }
 GET / 200 in 21ms
🔧 Debug - API functions: { extractPdfMarkup: 'function', isFunction: true }
 GET / 200 in 17ms
🔧 Debug - API functions: { extractPdfMarkup: 'function', isFunction: true }
 GET / 200 in 16ms
🔧 Debug - API functions: { extractPdfMarkup: 'function', isFunction: true }
 GET / 200 in 18ms
🔧 Debug - API functions: { extractPdfMarkup: 'function', isFunction: true }
 GET / 200 in 17ms
🔧 Debug - API functions: { extractPdfMarkup: 'function', isFunction: true }
 GET / 200 in 19ms
🔧 Debug - API functions: { extractPdfMarkup: 'function', isFunction: true }
 GET / 200 in 20ms
🔧 Debug - API functions: { extractPdfMarkup: 'function', isFunction: true }
 GET / 200 in 18ms
🔧 Debug - API functions: { extractPdfMarkup: 'function', isFunction: true }
 GET / 200 in 18ms
🔧 Debug - API functions: { extractPdfMarkup: 'function', isFunction: true }
 GET / 200 in 19ms
🔧 Debug - API functions: { extractPdfMarkup: 'function', isFunction: true }
 GET / 200 in 17ms
🔧 Debug - API functions: { extractPdfMarkup: 'function', isFunction: true }
 GET / 200 in 17ms
🔧 Debug - API functions: { extractPdfMarkup: 'function', isFunction: true }
 GET / 200 in 19ms
🔧 Debug - API functions: { extractPdfMarkup: 'function', isFunction: true }
 GET / 200 in 17ms
🔧 Debug - API functions: { extractPdfMarkup: 'function', isFunction: true }
 GET / 200 in 17ms
🔧 Debug - API functions: { extractPdfMarkup: 'function', isFunction: true }
 GET / 200 in 22ms
🔧 Debug - API functions: { extractPdfMarkup: 'function', isFunction: true }
 GET / 200 in 20ms
🔧 Debug - API functions: { extractPdfMarkup: 'function', isFunction: true }
 GET / 200 in 17ms
🔧 Debug - API functions: { extractPdfMarkup: 'function', isFunction: true }
 GET / 200 in 18ms
🔧 Debug - API functions: { extractPdfMarkup: 'function', isFunction: true }
 GET / 200 in 16ms
🔧 Debug - API functions: { extractPdfMarkup: 'function', isFunction: true }
 GET / 200 in 19ms
🔧 Debug - API functions: { extractPdfMarkup: 'function', isFunction: true }
 GET / 200 in 20ms
🔧 Debug - API functions: { extractPdfMarkup: 'function', isFunction: true }
 GET / 200 in 22ms
🔧 Debug - API functions: { extractPdfMarkup: 'function', isFunction: true }
 GET / 200 in 14ms
🔧 Debug - API functions: { extractPdfMarkup: 'function', isFunction: true }
 GET / 200 in 23ms
🔧 Debug - API functions: { extractPdfMarkup: 'function', isFunction: true }
 GET / 200 in 17ms
🔧 Debug - API functions: { extractPdfMarkup: 'function', isFunction: true }
 GET / 200 in 17ms
🔧 Debug - API functions: { extractPdfMarkup: 'function', isFunction: true }
 GET / 200 in 20ms
🔧 Debug - API functions: { extractPdfMarkup: 'function', isFunction: true }
 GET / 200 in 19ms
🔧 Debug - API functions: { extractPdfMarkup: 'function', isFunction: true }
 GET / 200 in 19ms
🔧 Debug - API functions: { extractPdfMarkup: 'function', isFunction: true }
 GET / 200 in 21ms
🔧 Debug - API functions: { extractPdfMarkup: 'function', isFunction: true }
 GET / 200 in 19ms
🔧 Debug - API functions: { extractPdfMarkup: 'function', isFunction: true }
 GET / 200 in 18ms
🔧 Debug - API functions: { extractPdfMarkup: 'function', isFunction: true }
 GET / 200 in 17ms
🔧 Debug - API functions: { extractPdfMarkup: 'function', isFunction: true }
 GET / 200 in 19ms
🔧 Debug - API functions: { extractPdfMarkup: 'function', isFunction: true }
 GET / 200 in 17ms
🔧 Debug - API functions: { extractPdfMarkup: 'function', isFunction: true }
 GET / 200 in 18ms
🔧 Debug - API functions: { extractPdfMarkup: 'function', isFunction: true }
 GET / 200 in 22ms
🔧 Debug - API functions: { extractPdfMarkup: 'function', isFunction: true }
 GET / 200 in 17ms
🔧 Debug - API functions: { extractPdfMarkup: 'function', isFunction: true }
 GET / 200 in 17ms
🔧 Debug - API functions: { extractPdfMarkup: 'function', isFunction: true }
 GET / 200 in 18ms
🔧 Debug - API functions: { extractPdfMarkup: 'function', isFunction: true }
 GET / 200 in 17ms
🔧 Debug - API functions: { extractPdfMarkup: 'function', isFunction: true }
 GET / 200 in 17ms
🔧 Debug - API functions: { extractPdfMarkup: 'function', isFunction: true }
 GET / 200 in 17ms
🔧 Debug - API functions: { extractPdfMarkup: 'function', isFunction: true }
 GET / 200 in 22ms
🔧 Debug - API functions: { extractPdfMarkup: 'function', isFunction: true }
 GET / 200 in 21ms
🔧 Debug - API functions: { extractPdfMarkup: 'function', isFunction: true }
 GET / 200 in 19ms
🔧 Debug - API functions: { extractPdfMarkup: 'function', isFunction: true }
 GET / 200 in 19ms
🔧 Debug - API functions: { extractPdfMarkup: 'function', isFunction: true }
 GET / 200 in 21ms
🔧 Debug - API functions: { extractPdfMarkup: 'function', isFunction: true }
 GET / 200 in 18ms
🔧 Debug - API functions: { extractPdfMarkup: 'function', isFunction: true }
 GET / 200 in 17ms
🔧 Debug - API functions: { extractPdfMarkup: 'function', isFunction: true }
 GET / 200 in 19ms
🔧 Debug - API functions: { extractPdfMarkup: 'function', isFunction: true }
 GET / 200 in 15ms
🔧 Debug - API functions: { extractPdfMarkup: 'function', isFunction: true }
 GET / 200 in 14ms
🔧 Debug - API functions: { extractPdfMarkup: 'function', isFunction: true }
 GET / 200 in 19ms
🔧 Debug - API functions: { extractPdfMarkup: 'function', isFunction: true }
 GET / 200 in 18ms
🔧 Debug - API functions: { extractPdfMarkup: 'function', isFunction: true }
 GET / 200 in 17ms
🔧 Debug - API functions: { extractPdfMarkup: 'function', isFunction: true }
 GET / 200 in 19ms
🔧 Debug - API functions: { extractPdfMarkup: 'function', isFunction: true }
 GET / 200 in 19ms
🔧 Debug - API functions: { extractPdfMarkup: 'function', isFunction: true }
 GET / 200 in 16ms
🔧 Debug - API functions: { extractPdfMarkup: 'function', isFunction: true }
 GET / 200 in 18ms
🔧 Debug - API functions: { extractPdfMarkup: 'function', isFunction: true }
 GET / 200 in 21ms
🔧 Debug - API functions: { extractPdfMarkup: 'function', isFunction: true }
 GET / 200 in 18ms
🔧 Debug - API functions: { extractPdfMarkup: 'function', isFunction: true }
 GET / 200 in 18ms
🔧 Debug - API functions: { extractPdfMarkup: 'function', isFunction: true }
 GET / 200 in 16ms
🔧 Debug - API functions: { extractPdfMarkup: 'function', isFunction: true }
 GET / 200 in 17ms
🔧 Debug - API functions: { extractPdfMarkup: 'function', isFunction: true }
 GET / 200 in 18ms
🔧 Debug - API functions: { extractPdfMarkup: 'function', isFunction: true }
 GET / 200 in 18ms
🔧 Debug - API functions: { extractPdfMarkup: 'function', isFunction: true }
 GET / 200 in 18ms
🔧 Debug - API functions: { extractPdfMarkup: 'function', isFunction: true }
 GET / 200 in 17ms
🔧 Debug - API functions: { extractPdfMarkup: 'function', isFunction: true }
 GET / 200 in 19ms
🔧 Debug - API functions: { extractPdfMarkup: 'function', isFunction: true }
 GET / 200 in 18ms
🔧 Debug - API functions: { extractPdfMarkup: 'function', isFunction: true }
 GET / 200 in 18ms
🔧 Debug - API functions: { extractPdfMarkup: 'function', isFunction: true }
 GET / 200 in 18ms
🔧 Debug - API functions: { extractPdfMarkup: 'function', isFunction: true }
 GET / 200 in 17ms
🔧 Debug - API functions: { extractPdfMarkup: 'function', isFunction: true }
 GET / 200 in 18ms
🔧 Debug - API functions: { extractPdfMarkup: 'function', isFunction: true }
 GET / 200 in 17ms
🔧 Debug - API functions: { extractPdfMarkup: 'function', isFunction: true }
 GET / 200 in 16ms
🔧 Debug - API functions: { extractPdfMarkup: 'function', isFunction: true }
 GET / 200 in 19ms
🔧 Debug - API functions: { extractPdfMarkup: 'function', isFunction: true }
 GET / 200 in 17ms
🔧 Debug - API functions: { extractPdfMarkup: 'function', isFunction: true }
 GET / 200 in 16ms
🔧 Debug - API functions: { extractPdfMarkup: 'function', isFunction: true }
 GET / 200 in 20ms
🔧 Debug - API functions: { extractPdfMarkup: 'function', isFunction: true }
 GET / 200 in 21ms
🔧 Debug - API functions: { extractPdfMarkup: 'function', isFunction: true }
 GET / 200 in 19ms
🔧 Debug - API functions: { extractPdfMarkup: 'function', isFunction: true }
 GET / 200 in 17ms
🔧 Debug - API functions: { extractPdfMarkup: 'function', isFunction: true }
 GET / 200 in 18ms
🔧 Debug - API functions: { extractPdfMarkup: 'function', isFunction: true }
 GET / 200 in 21ms
🔧 Debug - API functions: { extractPdfMarkup: 'function', isFunction: true }
 GET / 200 in 17ms
🔧 Debug - API functions: { extractPdfMarkup: 'function', isFunction: true }
 GET / 200 in 17ms
🔧 Debug - API functions: { extractPdfMarkup: 'function', isFunction: true }
 GET / 200 in 17ms
🔧 Debug - API functions: { extractPdfMarkup: 'function', isFunction: true }
 GET / 200 in 18ms
🔧 Debug - API functions: { extractPdfMarkup: 'function', isFunction: true }
 GET / 200 in 19ms
🔧 Debug - API functions: { extractPdfMarkup: 'function', isFunction: true }
 GET / 200 in 18ms
🔧 Debug - API functions: { extractPdfMarkup: 'function', isFunction: true }
 GET / 200 in 19ms
🔧 Debug - API functions: { extractPdfMarkup: 'function', isFunction: true }
 GET / 200 in 18ms
🔧 Debug - API functions: { extractPdfMarkup: 'function', isFunction: true }
 GET / 200 in 19ms
🔧 Debug - API functions: { extractPdfMarkup: 'function', isFunction: true }
 GET / 200 in 20ms
🔧 Debug - API functions: { extractPdfMarkup: 'function', isFunction: true }
 GET / 200 in 17ms
🔧 Debug - API functions: { extractPdfMarkup: 'function', isFunction: true }
 GET / 200 in 17ms
🔧 Debug - API functions: { extractPdfMarkup: 'function', isFunction: true }
 GET / 200 in 20ms
🔧 Debug - API functions: { extractPdfMarkup: 'function', isFunction: true }
 GET / 200 in 17ms
🔧 Debug - API functions: { extractPdfMarkup: 'function', isFunction: true }
 GET / 200 in 18ms
🔧 Debug - API functions: { extractPdfMarkup: 'function', isFunction: true }
 GET / 200 in 20ms
🔧 Debug - API functions: { extractPdfMarkup: 'function', isFunction: true }
 GET / 200 in 18ms
🔧 Debug - API functions: { extractPdfMarkup: 'function', isFunction: true }
 GET / 200 in 20ms
🔧 Debug - API functions: { extractPdfMarkup: 'function', isFunction: true }
 GET / 200 in 17ms
🔧 Debug - API functions: { extractPdfMarkup: 'function', isFunction: true }
 GET / 200 in 17ms
🔧 Debug - API functions: { extractPdfMarkup: 'function', isFunction: true }
 GET / 200 in 16ms
🔧 Debug - API functions: { extractPdfMarkup: 'function', isFunction: true }
 GET / 200 in 20ms
🔧 Debug - API functions: { extractPdfMarkup: 'function', isFunction: true }
 GET / 200 in 16ms
🔧 Debug - API functions: { extractPdfMarkup: 'function', isFunction: true }
 GET / 200 in 18ms
🔧 Debug - API functions: { extractPdfMarkup: 'function', isFunction: true }
 GET / 200 in 16ms
🔧 Debug - API functions: { extractPdfMarkup: 'function', isFunction: true }
 GET / 200 in 20ms
🔧 Debug - API functions: { extractPdfMarkup: 'function', isFunction: true }
 GET / 200 in 20ms
🔧 Debug - API functions: { extractPdfMarkup: 'function', isFunction: true }
 GET / 200 in 20ms
🔧 Debug - API functions: { extractPdfMarkup: 'function', isFunction: true }
 GET / 200 in 19ms
🔧 Debug - API functions: { extractPdfMarkup: 'function', isFunction: true }
 GET / 200 in 19ms
🔧 Debug - API functions: { extractPdfMarkup: 'function', isFunction: true }
 GET / 200 in 19ms
🔧 Debug - API functions: { extractPdfMarkup: 'function', isFunction: true }
 GET / 200 in 17ms
🔧 Debug - API functions: { extractPdfMarkup: 'function', isFunction: true }
 GET / 200 in 17ms
🔧 Debug - API functions: { extractPdfMarkup: 'function', isFunction: true }
 GET / 200 in 17ms
🔧 Debug - API functions: { extractPdfMarkup: 'function', isFunction: true }
 GET / 200 in 18ms
🔧 Debug - API functions: { extractPdfMarkup: 'function', isFunction: true }
 GET / 200 in 18ms
🔧 Debug - API functions: { extractPdfMarkup: 'function', isFunction: true }
 GET / 200 in 19ms
🔧 Debug - API functions: { extractPdfMarkup: 'function', isFunction: true }
 GET / 200 in 19ms
🔧 Debug - API functions: { extractPdfMarkup: 'function', isFunction: true }
 GET / 200 in 20ms
🔧 Debug - API functions: { extractPdfMarkup: 'function', isFunction: true }
 GET / 200 in 17ms
🔧 Debug - API functions: { extractPdfMarkup: 'function', isFunction: true }
 GET / 200 in 16ms
🔧 Debug - API functions: { extractPdfMarkup: 'function', isFunction: true }
 GET / 200 in 18ms
🔧 Debug - API functions: { extractPdfMarkup: 'function', isFunction: true }
 GET / 200 in 17ms
🔧 Debug - API functions: { extractPdfMarkup: 'function', isFunction: true }
 GET / 200 in 18ms
 ✓ Compiled /_not-found in 175ms (609 modules)
 GET /.well-known/appspecific/com.chrome.devtools.json 404 in 257ms
🔧 Debug - API functions: { extractPdfMarkup: 'function', isFunction: true }
 GET / 200 in 42ms
🔧 Debug - API functions: { extractPdfMarkup: 'function', isFunction: true }
 GET / 200 in 22ms
🔧 Debug - API functions: { extractPdfMarkup: 'function', isFunction: true }
 GET / 200 in 15ms
🔧 Debug - API functions: { extractPdfMarkup: 'function', isFunction: true }
 GET / 200 in 23ms
🔧 Debug - API functions: { extractPdfMarkup: 'function', isFunction: true }
 GET / 200 in 15ms
🔧 Debug - API functions: { extractPdfMarkup: 'function', isFunction: true }
 GET / 200 in 24ms
🔧 Debug - API functions: { extractPdfMarkup: 'function', isFunction: true }
 GET / 200 in 19ms
🔧 Debug - API functions: { extractPdfMarkup: 'function', isFunction: true }
 GET / 200 in 22ms
🔧 Debug - API functions: { extractPdfMarkup: 'function', isFunction: true }
 GET / 200 in 25ms
🔧 Debug - API functions: { extractPdfMarkup: 'function', isFunction: true }
 GET / 200 in 20ms
🔧 Debug - API functions: { extractPdfMarkup: 'function', isFunction: true }
 GET / 200 in 18ms
🔧 Debug - API functions: { extractPdfMarkup: 'function', isFunction: true }
 GET / 200 in 21ms
🔧 Debug - API functions: { extractPdfMarkup: 'function', isFunction: true }
 GET / 200 in 18ms
🔧 Debug - API functions: { extractPdfMarkup: 'function', isFunction: true }
 GET / 200 in 18ms
🔧 Debug - API functions: { extractPdfMarkup: 'function', isFunction: true }
 GET / 200 in 20ms
🔧 Debug - API functions: { extractPdfMarkup: 'function', isFunction: true }
 GET / 200 in 15ms
🔧 Debug - API functions: { extractPdfMarkup: 'function', isFunction: true }
 GET / 200 in 17ms
🔧 Debug - API functions: { extractPdfMarkup: 'function', isFunction: true }
 GET / 200 in 21ms
🔧 Debug - API functions: { extractPdfMarkup: 'function', isFunction: true }
 GET / 200 in 19ms
🔧 Debug - API functions: { extractPdfMarkup: 'function', isFunction: true }
 GET / 200 in 20ms
🔧 Debug - API functions: { extractPdfMarkup: 'function', isFunction: true }
 GET / 200 in 21ms
🔧 Debug - API functions: { extractPdfMarkup: 'function', isFunction: true }
 GET / 200 in 19ms
🔧 Debug - API functions: { extractPdfMarkup: 'function', isFunction: true }
 GET / 200 in 21ms
🔧 Debug - API functions: { extractPdfMarkup: 'function', isFunction: true }
 GET / 200 in 13ms
🔧 Debug - API functions: { extractPdfMarkup: 'function', isFunction: true }
 GET / 200 in 20ms
🔧 Debug - API functions: { extractPdfMarkup: 'function', isFunction: true }
 GET / 200 in 21ms
🔧 Debug - API functions: { extractPdfMarkup: 'function', isFunction: true }
 GET / 200 in 14ms
🔧 Debug - API functions: { extractPdfMarkup: 'function', isFunction: true }
 GET / 200 in 23ms
🔧 Debug - API functions: { extractPdfMarkup: 'function', isFunction: true }
 GET / 200 in 13ms
🔧 Debug - API functions: { extractPdfMarkup: 'function', isFunction: true }
 GET / 200 in 17ms
🔧 Debug - API functions: { extractPdfMarkup: 'function', isFunction: true }
 GET / 200 in 20ms
🔧 Debug - API functions: { extractPdfMarkup: 'function', isFunction: true }
 GET / 200 in 12ms
🔧 Debug - API functions: { extractPdfMarkup: 'function', isFunction: true }
 GET / 200 in 14ms
🔧 Debug - API functions: { extractPdfMarkup: 'function', isFunction: true }
 GET / 200 in 16ms
🔧 Debug - API functions: { extractPdfMarkup: 'function', isFunction: true }
 GET / 200 in 20ms
🔧 Debug - API functions: { extractPdfMarkup: 'function', isFunction: true }
 GET / 200 in 16ms
🔧 Debug - API functions: { extractPdfMarkup: 'function', isFunction: true }
 GET / 200 in 18ms
🔧 Debug - API functions: { extractPdfMarkup: 'function', isFunction: true }
 GET / 200 in 12ms
🔧 Debug - API functions: { extractPdfMarkup: 'function', isFunction: true }
 GET / 200 in 20ms
🔧 Debug - API functions: { extractPdfMarkup: 'function', isFunction: true }
 GET / 200 in 20ms
🔧 Debug - API functions: { extractPdfMarkup: 'function', isFunction: true }
 GET / 200 in 17ms
🔧 Debug - API functions: { extractPdfMarkup: 'function', isFunction: true }
 GET / 200 in 20ms
🔧 Debug - API functions: { extractPdfMarkup: 'function', isFunction: true }
 GET / 200 in 20ms
🔧 Debug - API functions: { extractPdfMarkup: 'function', isFunction: true }
 GET / 200 in 13ms
🔧 Debug - API functions: { extractPdfMarkup: 'function', isFunction: true }
 GET / 200 in 13ms
🔧 Debug - API functions: { extractPdfMarkup: 'function', isFunction: true }
 GET / 200 in 13ms
🔧 Debug - API functions: { extractPdfMarkup: 'function', isFunction: true }
 GET / 200 in 20ms
🔧 Debug - API functions: { extractPdfMarkup: 'function', isFunction: true }
 GET / 200 in 14ms
🔧 Debug - API functions: { extractPdfMarkup: 'function', isFunction: true }
 GET / 200 in 11ms
 ⨯ ./node_modules/@swc/helpers/esm/_class_private_field_loose_base.js
Error: ENOENT: no such file or directory, open '/home/nbhansen/dev/hcibrain/packages/frontend/node_modules/@swc/helpers/esm/_class_private_field_loose_base.js'

Import trace for requested module:
./node_modules/@swc/helpers/esm/_class_private_field_loose_base.js
./node_modules/next/dist/client/components/promise-queue.js
./node_modules/next/dist/client/components/router-reducer/reducers/prefetch-reducer.js
./node_modules/next/dist/client/components/router-reducer/prefetch-cache-utils.js
./node_modules/next/dist/client/components/router-reducer/create-initial-router-state.js
./node_modules/next/dist/client/components/app-router.js
Error: ENOENT: no such file or directory, scandir '/home/nbhansen/dev/hcibrain/packages/frontend/app'
    at async Object.readdir (node:internal/fs/promises:949:18)
    at async /home/nbhansen/dev/hcibrain/packages/frontend/node_modules/next/dist/lib/recursive-readdir.js:39:29
    at async Promise.all (index 0)
    at async recursiveReadDir (/home/nbhansen/dev/hcibrain/packages/frontend/node_modules/next/dist/lib/recursive-readdir.js:32:25)
    at async /home/nbhansen/dev/hcibrain/packages/frontend/node_modules/next/dist/server/future/route-matcher-providers/dev/helpers/file-reader/batched-file-reader.js:71:25
    at async Promise.all (index 0)
    at async BatchedFileReader.load (/home/nbhansen/dev/hcibrain/packages/frontend/node_modules/next/dist/server/future/route-matcher-providers/dev/helpers/file-reader/batched-file-reader.js:67:25)
    at async /home/nbhansen/dev/hcibrain/packages/frontend/node_modules/next/dist/server/future/route-matcher-providers/dev/helpers/file-reader/batched-file-reader.js:41:26 {
  errno: -2,
  code: 'ENOENT',
  syscall: 'scandir',
  path: '/home/nbhansen/dev/hcibrain/packages/frontend/app'
}
 ⨯ unhandledRejection: Error: ENOENT: no such file or directory, scandir '/home/nbhansen/dev/hcibrain/packages/frontend/app'
    at async Object.readdir (node:internal/fs/promises:949:18)
    at async /home/nbhansen/dev/hcibrain/packages/frontend/node_modules/next/dist/lib/recursive-readdir.js:39:29
    at async Promise.all (index 0)
    at async recursiveReadDir (/home/nbhansen/dev/hcibrain/packages/frontend/node_modules/next/dist/lib/recursive-readdir.js:32:25)
    at async /home/nbhansen/dev/hcibrain/packages/frontend/node_modules/next/dist/server/future/route-matcher-providers/dev/helpers/file-reader/batched-file-reader.js:71:25
    at async Promise.all (index 0)
    at async BatchedFileReader.load (/home/nbhansen/dev/hcibrain/packages/frontend/node_modules/next/dist/server/future/route-matcher-providers/dev/helpers/file-reader/batched-file-reader.js:67:25)
    at async /home/nbhansen/dev/hcibrain/packages/frontend/node_modules/next/dist/server/future/route-matcher-providers/dev/helpers/file-reader/batched-file-reader.js:41:26 {
  errno: -2,
  code: 'ENOENT',
  syscall: 'scandir',
  path: '/home/nbhansen/dev/hcibrain/packages/frontend/app'
}
 ⨯ unhandledRejection: Error: ENOENT: no such file or directory, scandir '/home/nbhansen/dev/hcibrain/packages/frontend/app'
    at async Object.readdir (node:internal/fs/promises:949:18)
    at async /home/nbhansen/dev/hcibrain/packages/frontend/node_modules/next/dist/lib/recursive-readdir.js:39:29
    at async Promise.all (index 0)
    at async recursiveReadDir (/home/nbhansen/dev/hcibrain/packages/frontend/node_modules/next/dist/lib/recursive-readdir.js:32:25)
    at async /home/nbhansen/dev/hcibrain/packages/frontend/node_modules/next/dist/server/future/route-matcher-providers/dev/helpers/file-reader/batched-file-reader.js:71:25
    at async Promise.all (index 0)
    at async BatchedFileReader.load (/home/nbhansen/dev/hcibrain/packages/frontend/node_modules/next/dist/server/future/route-matcher-providers/dev/helpers/file-reader/batched-file-reader.js:67:25)
    at async /home/nbhansen/dev/hcibrain/packages/frontend/node_modules/next/dist/server/future/route-matcher-providers/dev/helpers/file-reader/batched-file-reader.js:41:26 {
  errno: -2,
  code: 'ENOENT',
  syscall: 'scandir',
  path: '/home/nbhansen/dev/hcibrain/packages/frontend/app'
}
 ⨯ ./node_modules/@swc/helpers/esm/_class_private_field_loose_base.js
Error: ENOENT: no such file or directory, open '/home/nbhansen/dev/hcibrain/packages/frontend/node_modules/@swc/helpers/esm/_class_private_field_loose_base.js'

Import trace for requested module:
./node_modules/@swc/helpers/esm/_class_private_field_loose_base.js
./node_modules/next/dist/client/components/promise-queue.js
./node_modules/next/dist/client/components/router-reducer/reducers/prefetch-reducer.js
./node_modules/next/dist/client/components/router-reducer/router-reducer.js
./node_modules/next/dist/shared/lib/router/action-queue.js
./node_modules/next/dist/client/app-index.js
[Error: ENOENT: no such file or directory, stat '/home/nbhansen/dev/hcibrain/packages/frontend/.next/cache/webpack/client-development/3.pack.gz'] {
  errno: -2,
  code: 'ENOENT',
  syscall: 'stat',
  path: '/home/nbhansen/dev/hcibrain/packages/frontend/.next/cache/webpack/client-development/3.pack.gz'
}
 ⨯ unhandledRejection: [Error: ENOENT: no such file or directory, stat '/home/nbhansen/dev/hcibrain/packages/frontend/.next/cache/webpack/client-development/3.pack.gz'] {
  errno: -2,
  code: 'ENOENT',
  syscall: 'stat',
  path: '/home/nbhansen/dev/hcibrain/packages/frontend/.next/cache/webpack/client-development/3.pack.gz'
}
 ⨯ unhandledRejection: [Error: ENOENT: no such file or directory, stat '/home/nbhansen/dev/hcibrain/packages/frontend/.next/cache/webpack/client-development/3.pack.gz'] {
  errno: -2,
  code: 'ENOENT',
  syscall: 'stat',
  path: '/home/nbhansen/dev/hcibrain/packages/frontend/.next/cache/webpack/client-development/3.pack.gz'
}
<w> [webpack.cache.PackFileCacheStrategy] Caching failed for pack: Error: ENOENT: no such file or directory, stat '/home/nbhansen/dev/hcibrain/packages/frontend/.next/cache/webpack/client-development/3.pack.gz'
